ARM GAS  /tmp/ccrSzM8a.s 			page 1


   1              		.cpu cortex-m4
   2              		.eabi_attribute 27, 1
   3              		.eabi_attribute 28, 1
   4              		.eabi_attribute 20, 1
   5              		.eabi_attribute 21, 1
   6              		.eabi_attribute 23, 3
   7              		.eabi_attribute 24, 1
   8              		.eabi_attribute 25, 1
   9              		.eabi_attribute 26, 1
  10              		.eabi_attribute 30, 1
  11              		.eabi_attribute 34, 1
  12              		.eabi_attribute 18, 4
  13              		.file	"sd_diskio.c"
  14              		.text
  15              	.Ltext0:
  16              		.cfi_sections	.debug_frame
  17              		.section	.text.SD_CheckStatus,"ax",%progbits
  18              		.align	1
  19              		.arch armv7e-m
  20              		.syntax unified
  21              		.thumb
  22              		.thumb_func
  23              		.fpu fpv4-sp-d16
  25              	SD_CheckStatus:
  26              	.LVL0:
  27              	.LFB140:
  28              		.file 1 "FATFS/Target/sd_diskio.c"
   1:FATFS/Target/sd_diskio.c **** /* USER CODE BEGIN Header */
   2:FATFS/Target/sd_diskio.c **** /**
   3:FATFS/Target/sd_diskio.c ****   ******************************************************************************
   4:FATFS/Target/sd_diskio.c ****   * @file    sd_diskio.c
   5:FATFS/Target/sd_diskio.c ****   * @brief   SD Disk I/O driver
   6:FATFS/Target/sd_diskio.c ****   ******************************************************************************
   7:FATFS/Target/sd_diskio.c ****   * @attention
   8:FATFS/Target/sd_diskio.c ****   *
   9:FATFS/Target/sd_diskio.c ****   * Copyright (c) 2023 STMicroelectronics.
  10:FATFS/Target/sd_diskio.c ****   * All rights reserved.
  11:FATFS/Target/sd_diskio.c ****   *
  12:FATFS/Target/sd_diskio.c ****   * This software is licensed under terms that can be found in the LICENSE file
  13:FATFS/Target/sd_diskio.c ****   * in the root directory of this software component.
  14:FATFS/Target/sd_diskio.c ****   * If no LICENSE file comes with this software, it is provided AS-IS.
  15:FATFS/Target/sd_diskio.c ****   *
  16:FATFS/Target/sd_diskio.c ****   ******************************************************************************
  17:FATFS/Target/sd_diskio.c ****   */
  18:FATFS/Target/sd_diskio.c **** /* USER CODE END Header */
  19:FATFS/Target/sd_diskio.c **** 
  20:FATFS/Target/sd_diskio.c **** /* Note: code generation based on sd_diskio_dma_rtos_template_bspv1.c v2.1.4
  21:FATFS/Target/sd_diskio.c ****    as FreeRTOS is enabled. */
  22:FATFS/Target/sd_diskio.c **** 
  23:FATFS/Target/sd_diskio.c **** /* USER CODE BEGIN firstSection */
  24:FATFS/Target/sd_diskio.c **** /* can be used to modify / undefine following code or add new definitions */
  25:FATFS/Target/sd_diskio.c **** /* USER CODE END firstSection*/
  26:FATFS/Target/sd_diskio.c **** 
  27:FATFS/Target/sd_diskio.c **** /* Includes ------------------------------------------------------------------*/
  28:FATFS/Target/sd_diskio.c **** #include "ff_gen_drv.h"
  29:FATFS/Target/sd_diskio.c **** #include "sd_diskio.h"
  30:FATFS/Target/sd_diskio.c **** 
ARM GAS  /tmp/ccrSzM8a.s 			page 2


  31:FATFS/Target/sd_diskio.c **** #include <string.h>
  32:FATFS/Target/sd_diskio.c **** #include <stdio.h>
  33:FATFS/Target/sd_diskio.c **** 
  34:FATFS/Target/sd_diskio.c **** /* Private typedef -----------------------------------------------------------*/
  35:FATFS/Target/sd_diskio.c **** /* Private define ------------------------------------------------------------*/
  36:FATFS/Target/sd_diskio.c **** 
  37:FATFS/Target/sd_diskio.c **** #define QUEUE_SIZE         (uint32_t) 10
  38:FATFS/Target/sd_diskio.c **** #define READ_CPLT_MSG      (uint32_t) 1
  39:FATFS/Target/sd_diskio.c **** #define WRITE_CPLT_MSG     (uint32_t) 2
  40:FATFS/Target/sd_diskio.c **** /*
  41:FATFS/Target/sd_diskio.c **** ==================================================================
  42:FATFS/Target/sd_diskio.c **** enable the defines below to send custom rtos messages
  43:FATFS/Target/sd_diskio.c **** when an error or an abort occurs.
  44:FATFS/Target/sd_diskio.c **** Notice: depending on the HAL/SD driver the HAL_SD_ErrorCallback()
  45:FATFS/Target/sd_diskio.c **** may not be available.
  46:FATFS/Target/sd_diskio.c **** See BSP_SD_ErrorCallback() and BSP_SD_AbortCallback() below
  47:FATFS/Target/sd_diskio.c **** ==================================================================
  48:FATFS/Target/sd_diskio.c **** 
  49:FATFS/Target/sd_diskio.c **** #define RW_ERROR_MSG       (uint32_t) 3
  50:FATFS/Target/sd_diskio.c **** #define RW_ABORT_MSG       (uint32_t) 4
  51:FATFS/Target/sd_diskio.c **** */
  52:FATFS/Target/sd_diskio.c **** /*
  53:FATFS/Target/sd_diskio.c ****  * the following Timeout is useful to give the control back to the applications
  54:FATFS/Target/sd_diskio.c ****  * in case of errors in either BSP_SD_ReadCpltCallback() or BSP_SD_WriteCpltCallback()
  55:FATFS/Target/sd_diskio.c ****  * the value by default is as defined in the BSP platform driver otherwise 30 secs
  56:FATFS/Target/sd_diskio.c ****  */
  57:FATFS/Target/sd_diskio.c **** #define SD_TIMEOUT 30 * 1000
  58:FATFS/Target/sd_diskio.c **** 
  59:FATFS/Target/sd_diskio.c **** #define SD_DEFAULT_BLOCK_SIZE 512
  60:FATFS/Target/sd_diskio.c **** 
  61:FATFS/Target/sd_diskio.c **** /*
  62:FATFS/Target/sd_diskio.c ****  * Depending on the use case, the SD card initialization could be done at the
  63:FATFS/Target/sd_diskio.c ****  * application level: if it is the case define the flag below to disable
  64:FATFS/Target/sd_diskio.c ****  * the BSP_SD_Init() call in the SD_Initialize() and add a call to
  65:FATFS/Target/sd_diskio.c ****  * BSP_SD_Init() elsewhere in the application.
  66:FATFS/Target/sd_diskio.c ****  */
  67:FATFS/Target/sd_diskio.c **** /* USER CODE BEGIN disableSDInit */
  68:FATFS/Target/sd_diskio.c **** /* #define DISABLE_SD_INIT */
  69:FATFS/Target/sd_diskio.c **** /* USER CODE END disableSDInit */
  70:FATFS/Target/sd_diskio.c **** 
  71:FATFS/Target/sd_diskio.c **** /*
  72:FATFS/Target/sd_diskio.c ****  * when using cacheable memory region, it may be needed to maintain the cache
  73:FATFS/Target/sd_diskio.c ****  * validity. Enable the define below to activate a cache maintenance at each
  74:FATFS/Target/sd_diskio.c ****  * read and write operation.
  75:FATFS/Target/sd_diskio.c ****  * Notice: This is applicable only for cortex M7 based platform.
  76:FATFS/Target/sd_diskio.c ****  */
  77:FATFS/Target/sd_diskio.c **** /* USER CODE BEGIN enableSDDmaCacheMaintenance */
  78:FATFS/Target/sd_diskio.c **** /* #define ENABLE_SD_DMA_CACHE_MAINTENANCE  1 */
  79:FATFS/Target/sd_diskio.c **** /* USER CODE END enableSDDmaCacheMaintenance */
  80:FATFS/Target/sd_diskio.c **** 
  81:FATFS/Target/sd_diskio.c **** /*
  82:FATFS/Target/sd_diskio.c **** * Some DMA requires 4-Byte aligned address buffer to correctly read/write data,
  83:FATFS/Target/sd_diskio.c **** * in FatFs some accesses aren't thus we need a 4-byte aligned scratch buffer to correctly
  84:FATFS/Target/sd_diskio.c **** * transfer data
  85:FATFS/Target/sd_diskio.c **** */
  86:FATFS/Target/sd_diskio.c **** /* USER CODE BEGIN enableScratchBuffer */
  87:FATFS/Target/sd_diskio.c **** /* #define ENABLE_SCRATCH_BUFFER */
ARM GAS  /tmp/ccrSzM8a.s 			page 3


  88:FATFS/Target/sd_diskio.c **** /* USER CODE END enableScratchBuffer */
  89:FATFS/Target/sd_diskio.c **** 
  90:FATFS/Target/sd_diskio.c **** /* Private variables ---------------------------------------------------------*/
  91:FATFS/Target/sd_diskio.c **** #if defined(ENABLE_SCRATCH_BUFFER)
  92:FATFS/Target/sd_diskio.c **** #if defined (ENABLE_SD_DMA_CACHE_MAINTENANCE)
  93:FATFS/Target/sd_diskio.c **** ALIGN_32BYTES(static uint8_t scratch[BLOCKSIZE]); // 32-Byte aligned for cache maintenance
  94:FATFS/Target/sd_diskio.c **** #else
  95:FATFS/Target/sd_diskio.c **** __ALIGN_BEGIN static uint8_t scratch[BLOCKSIZE] __ALIGN_END;
  96:FATFS/Target/sd_diskio.c **** #endif
  97:FATFS/Target/sd_diskio.c **** #endif
  98:FATFS/Target/sd_diskio.c **** /* Disk status */
  99:FATFS/Target/sd_diskio.c **** static volatile DSTATUS Stat = STA_NOINIT;
 100:FATFS/Target/sd_diskio.c **** 
 101:FATFS/Target/sd_diskio.c **** #if (osCMSIS <= 0x20000U)
 102:FATFS/Target/sd_diskio.c **** static osMessageQId SDQueueID = NULL;
 103:FATFS/Target/sd_diskio.c **** #else
 104:FATFS/Target/sd_diskio.c **** static osMessageQueueId_t SDQueueID = NULL;
 105:FATFS/Target/sd_diskio.c **** #endif
 106:FATFS/Target/sd_diskio.c **** /* Private function prototypes -----------------------------------------------*/
 107:FATFS/Target/sd_diskio.c **** static DSTATUS SD_CheckStatus(BYTE lun);
 108:FATFS/Target/sd_diskio.c **** DSTATUS SD_initialize (BYTE);
 109:FATFS/Target/sd_diskio.c **** DSTATUS SD_status (BYTE);
 110:FATFS/Target/sd_diskio.c **** DRESULT SD_read (BYTE, BYTE*, DWORD, UINT);
 111:FATFS/Target/sd_diskio.c **** #if _USE_WRITE == 1
 112:FATFS/Target/sd_diskio.c **** DRESULT SD_write (BYTE, const BYTE*, DWORD, UINT);
 113:FATFS/Target/sd_diskio.c **** #endif /* _USE_WRITE == 1 */
 114:FATFS/Target/sd_diskio.c **** #if _USE_IOCTL == 1
 115:FATFS/Target/sd_diskio.c **** DRESULT SD_ioctl (BYTE, BYTE, void*);
 116:FATFS/Target/sd_diskio.c **** #endif  /* _USE_IOCTL == 1 */
 117:FATFS/Target/sd_diskio.c **** 
 118:FATFS/Target/sd_diskio.c **** const Diskio_drvTypeDef  SD_Driver =
 119:FATFS/Target/sd_diskio.c **** {
 120:FATFS/Target/sd_diskio.c ****   SD_initialize,
 121:FATFS/Target/sd_diskio.c ****   SD_status,
 122:FATFS/Target/sd_diskio.c ****   SD_read,
 123:FATFS/Target/sd_diskio.c **** #if  _USE_WRITE == 1
 124:FATFS/Target/sd_diskio.c ****   SD_write,
 125:FATFS/Target/sd_diskio.c **** #endif /* _USE_WRITE == 1 */
 126:FATFS/Target/sd_diskio.c **** 
 127:FATFS/Target/sd_diskio.c **** #if  _USE_IOCTL == 1
 128:FATFS/Target/sd_diskio.c ****   SD_ioctl,
 129:FATFS/Target/sd_diskio.c **** #endif /* _USE_IOCTL == 1 */
 130:FATFS/Target/sd_diskio.c **** };
 131:FATFS/Target/sd_diskio.c **** 
 132:FATFS/Target/sd_diskio.c **** /* USER CODE BEGIN beforeFunctionSection */
 133:FATFS/Target/sd_diskio.c **** /* can be used to modify / undefine following code or add new code */
 134:FATFS/Target/sd_diskio.c **** /* USER CODE END beforeFunctionSection */
 135:FATFS/Target/sd_diskio.c **** 
 136:FATFS/Target/sd_diskio.c **** /* Private functions ---------------------------------------------------------*/
 137:FATFS/Target/sd_diskio.c **** 
 138:FATFS/Target/sd_diskio.c **** static int SD_CheckStatusWithTimeout(uint32_t timeout)
 139:FATFS/Target/sd_diskio.c **** {
 140:FATFS/Target/sd_diskio.c ****   uint32_t timer;
 141:FATFS/Target/sd_diskio.c ****   /* block until SDIO peripheral is ready again or a timeout occur */
 142:FATFS/Target/sd_diskio.c **** #if (osCMSIS <= 0x20000U)
 143:FATFS/Target/sd_diskio.c ****   timer = osKernelSysTick();
 144:FATFS/Target/sd_diskio.c ****   while( osKernelSysTick() - timer < timeout)
ARM GAS  /tmp/ccrSzM8a.s 			page 4


 145:FATFS/Target/sd_diskio.c **** #else
 146:FATFS/Target/sd_diskio.c ****   timer = osKernelGetTickCount();
 147:FATFS/Target/sd_diskio.c ****   while( osKernelGetTickCount() - timer < timeout)
 148:FATFS/Target/sd_diskio.c **** #endif
 149:FATFS/Target/sd_diskio.c ****   {
 150:FATFS/Target/sd_diskio.c ****     if (BSP_SD_GetCardState() == SD_TRANSFER_OK)
 151:FATFS/Target/sd_diskio.c ****     {
 152:FATFS/Target/sd_diskio.c ****       return 0;
 153:FATFS/Target/sd_diskio.c ****     }
 154:FATFS/Target/sd_diskio.c ****   }
 155:FATFS/Target/sd_diskio.c **** 
 156:FATFS/Target/sd_diskio.c ****   return -1;
 157:FATFS/Target/sd_diskio.c **** }
 158:FATFS/Target/sd_diskio.c **** 
 159:FATFS/Target/sd_diskio.c **** static DSTATUS SD_CheckStatus(BYTE lun)
 160:FATFS/Target/sd_diskio.c **** {
  29              		.loc 1 160 1 view -0
  30              		.cfi_startproc
  31              		@ args = 0, pretend = 0, frame = 0
  32              		@ frame_needed = 0, uses_anonymous_args = 0
  33              		.loc 1 160 1 is_stmt 0 view .LVU1
  34 0000 08B5     		push	{r3, lr}
  35              	.LCFI0:
  36              		.cfi_def_cfa_offset 8
  37              		.cfi_offset 3, -8
  38              		.cfi_offset 14, -4
 161:FATFS/Target/sd_diskio.c ****   Stat = STA_NOINIT;
  39              		.loc 1 161 3 is_stmt 1 view .LVU2
  40              		.loc 1 161 8 is_stmt 0 view .LVU3
  41 0002 074B     		ldr	r3, .L4
  42 0004 0122     		movs	r2, #1
  43 0006 1A70     		strb	r2, [r3]
 162:FATFS/Target/sd_diskio.c **** 
 163:FATFS/Target/sd_diskio.c ****   if(BSP_SD_GetCardState() == SD_TRANSFER_OK)
  44              		.loc 1 163 3 is_stmt 1 view .LVU4
  45              		.loc 1 163 6 is_stmt 0 view .LVU5
  46 0008 FFF7FEFF 		bl	BSP_SD_GetCardState
  47              	.LVL1:
  48              		.loc 1 163 5 view .LVU6
  49 000c 20B9     		cbnz	r0, .L2
 164:FATFS/Target/sd_diskio.c ****   {
 165:FATFS/Target/sd_diskio.c ****     Stat &= ~STA_NOINIT;
  50              		.loc 1 165 5 is_stmt 1 view .LVU7
  51              		.loc 1 165 10 is_stmt 0 view .LVU8
  52 000e 044A     		ldr	r2, .L4
  53 0010 1378     		ldrb	r3, [r2]	@ zero_extendqisi2
  54 0012 03F0FE03 		and	r3, r3, #254
  55 0016 1370     		strb	r3, [r2]
  56              	.L2:
 166:FATFS/Target/sd_diskio.c ****   }
 167:FATFS/Target/sd_diskio.c **** 
 168:FATFS/Target/sd_diskio.c ****   return Stat;
  57              		.loc 1 168 3 is_stmt 1 view .LVU9
  58              		.loc 1 168 10 is_stmt 0 view .LVU10
  59 0018 014B     		ldr	r3, .L4
  60 001a 1878     		ldrb	r0, [r3]	@ zero_extendqisi2
 169:FATFS/Target/sd_diskio.c **** }
ARM GAS  /tmp/ccrSzM8a.s 			page 5


  61              		.loc 1 169 1 view .LVU11
  62 001c 08BD     		pop	{r3, pc}
  63              	.L5:
  64 001e 00BF     		.align	2
  65              	.L4:
  66 0020 00000000 		.word	.LANCHOR0
  67              		.cfi_endproc
  68              	.LFE140:
  70              		.section	.text.SD_initialize,"ax",%progbits
  71              		.align	1
  72              		.global	SD_initialize
  73              		.syntax unified
  74              		.thumb
  75              		.thumb_func
  76              		.fpu fpv4-sp-d16
  78              	SD_initialize:
  79              	.LVL2:
  80              	.LFB141:
 170:FATFS/Target/sd_diskio.c **** 
 171:FATFS/Target/sd_diskio.c **** /**
 172:FATFS/Target/sd_diskio.c ****   * @brief  Initializes a Drive
 173:FATFS/Target/sd_diskio.c ****   * @param  lun : not used
 174:FATFS/Target/sd_diskio.c ****   * @retval DSTATUS: Operation status
 175:FATFS/Target/sd_diskio.c ****   */
 176:FATFS/Target/sd_diskio.c **** DSTATUS SD_initialize(BYTE lun)
 177:FATFS/Target/sd_diskio.c **** {
  81              		.loc 1 177 1 is_stmt 1 view -0
  82              		.cfi_startproc
  83              		@ args = 0, pretend = 0, frame = 0
  84              		@ frame_needed = 0, uses_anonymous_args = 0
  85              		.loc 1 177 1 is_stmt 0 view .LVU13
  86 0000 10B5     		push	{r4, lr}
  87              	.LCFI1:
  88              		.cfi_def_cfa_offset 8
  89              		.cfi_offset 4, -8
  90              		.cfi_offset 14, -4
  91 0002 0446     		mov	r4, r0
 178:FATFS/Target/sd_diskio.c **** Stat = STA_NOINIT;
  92              		.loc 1 178 1 is_stmt 1 view .LVU14
  93              		.loc 1 178 6 is_stmt 0 view .LVU15
  94 0004 164B     		ldr	r3, .L14
  95 0006 0122     		movs	r2, #1
  96 0008 1A70     		strb	r2, [r3]
 179:FATFS/Target/sd_diskio.c **** 
 180:FATFS/Target/sd_diskio.c ****   /*
 181:FATFS/Target/sd_diskio.c ****    * check that the kernel has been started before continuing
 182:FATFS/Target/sd_diskio.c ****    * as the osMessage API will fail otherwise
 183:FATFS/Target/sd_diskio.c ****    */
 184:FATFS/Target/sd_diskio.c **** #if (osCMSIS <= 0x20000U)
 185:FATFS/Target/sd_diskio.c ****   if(osKernelRunning())
 186:FATFS/Target/sd_diskio.c **** #else
 187:FATFS/Target/sd_diskio.c ****   if(osKernelGetState() == osKernelRunning)
  97              		.loc 1 187 3 is_stmt 1 view .LVU16
  98              		.loc 1 187 6 is_stmt 0 view .LVU17
  99 000a FFF7FEFF 		bl	osKernelGetState
 100              	.LVL3:
 101              		.loc 1 187 5 view .LVU18
ARM GAS  /tmp/ccrSzM8a.s 			page 6


 102 000e 0228     		cmp	r0, #2
 103 0010 02D0     		beq	.L11
 104              	.L7:
 188:FATFS/Target/sd_diskio.c **** #endif
 189:FATFS/Target/sd_diskio.c ****   {
 190:FATFS/Target/sd_diskio.c **** #if !defined(DISABLE_SD_INIT)
 191:FATFS/Target/sd_diskio.c **** 
 192:FATFS/Target/sd_diskio.c ****     if(BSP_SD_Init() == MSD_OK)
 193:FATFS/Target/sd_diskio.c ****     {
 194:FATFS/Target/sd_diskio.c ****       Stat = SD_CheckStatus(lun);
 195:FATFS/Target/sd_diskio.c ****     }
 196:FATFS/Target/sd_diskio.c **** 
 197:FATFS/Target/sd_diskio.c **** #else
 198:FATFS/Target/sd_diskio.c ****     Stat = SD_CheckStatus(lun);
 199:FATFS/Target/sd_diskio.c **** #endif
 200:FATFS/Target/sd_diskio.c **** 
 201:FATFS/Target/sd_diskio.c ****     /*
 202:FATFS/Target/sd_diskio.c ****     * if the SD is correctly initialized, create the operation queue
 203:FATFS/Target/sd_diskio.c ****     * if not already created
 204:FATFS/Target/sd_diskio.c ****     */
 205:FATFS/Target/sd_diskio.c **** 
 206:FATFS/Target/sd_diskio.c ****     if (Stat != STA_NOINIT)
 207:FATFS/Target/sd_diskio.c ****     {
 208:FATFS/Target/sd_diskio.c ****       if (SDQueueID == NULL)
 209:FATFS/Target/sd_diskio.c ****       {
 210:FATFS/Target/sd_diskio.c ****  #if (osCMSIS <= 0x20000U)
 211:FATFS/Target/sd_diskio.c ****       osMessageQDef(SD_Queue, QUEUE_SIZE, uint16_t);
 212:FATFS/Target/sd_diskio.c ****       SDQueueID = osMessageCreate (osMessageQ(SD_Queue), NULL);
 213:FATFS/Target/sd_diskio.c **** #else
 214:FATFS/Target/sd_diskio.c ****       SDQueueID = osMessageQueueNew(QUEUE_SIZE, 2, NULL);
 215:FATFS/Target/sd_diskio.c **** #endif
 216:FATFS/Target/sd_diskio.c ****       }
 217:FATFS/Target/sd_diskio.c **** 
 218:FATFS/Target/sd_diskio.c ****       if (SDQueueID == NULL)
 219:FATFS/Target/sd_diskio.c ****       {
 220:FATFS/Target/sd_diskio.c ****         Stat |= STA_NOINIT;
 221:FATFS/Target/sd_diskio.c ****       }
 222:FATFS/Target/sd_diskio.c ****     }
 223:FATFS/Target/sd_diskio.c ****   }
 224:FATFS/Target/sd_diskio.c **** 
 225:FATFS/Target/sd_diskio.c ****   return Stat;
 105              		.loc 1 225 3 is_stmt 1 view .LVU19
 106              		.loc 1 225 10 is_stmt 0 view .LVU20
 107 0012 134B     		ldr	r3, .L14
 108 0014 1878     		ldrb	r0, [r3]	@ zero_extendqisi2
 226:FATFS/Target/sd_diskio.c **** }
 109              		.loc 1 226 1 view .LVU21
 110 0016 10BD     		pop	{r4, pc}
 111              	.L11:
 192:FATFS/Target/sd_diskio.c ****     {
 112              		.loc 1 192 5 is_stmt 1 view .LVU22
 192:FATFS/Target/sd_diskio.c ****     {
 113              		.loc 1 192 8 is_stmt 0 view .LVU23
 114 0018 FFF7FEFF 		bl	BSP_SD_Init
 115              	.LVL4:
 192:FATFS/Target/sd_diskio.c ****     {
 116              		.loc 1 192 7 view .LVU24
ARM GAS  /tmp/ccrSzM8a.s 			page 7


 117 001c 88B1     		cbz	r0, .L12
 118              	.L8:
 206:FATFS/Target/sd_diskio.c ****     {
 119              		.loc 1 206 5 is_stmt 1 view .LVU25
 206:FATFS/Target/sd_diskio.c ****     {
 120              		.loc 1 206 14 is_stmt 0 view .LVU26
 121 001e 104B     		ldr	r3, .L14
 122 0020 1B78     		ldrb	r3, [r3]	@ zero_extendqisi2
 123 0022 DBB2     		uxtb	r3, r3
 206:FATFS/Target/sd_diskio.c ****     {
 124              		.loc 1 206 8 view .LVU27
 125 0024 012B     		cmp	r3, #1
 126 0026 F4D0     		beq	.L7
 208:FATFS/Target/sd_diskio.c ****       {
 127              		.loc 1 208 7 is_stmt 1 view .LVU28
 208:FATFS/Target/sd_diskio.c ****       {
 128              		.loc 1 208 21 is_stmt 0 view .LVU29
 129 0028 0E4B     		ldr	r3, .L14+4
 130 002a 1B68     		ldr	r3, [r3]
 208:FATFS/Target/sd_diskio.c ****       {
 131              		.loc 1 208 10 view .LVU30
 132 002c 7BB1     		cbz	r3, .L13
 133              	.L9:
 218:FATFS/Target/sd_diskio.c ****       {
 134              		.loc 1 218 7 is_stmt 1 view .LVU31
 218:FATFS/Target/sd_diskio.c ****       {
 135              		.loc 1 218 21 is_stmt 0 view .LVU32
 136 002e 0D4B     		ldr	r3, .L14+4
 137 0030 1B68     		ldr	r3, [r3]
 218:FATFS/Target/sd_diskio.c ****       {
 138              		.loc 1 218 10 view .LVU33
 139 0032 002B     		cmp	r3, #0
 140 0034 EDD1     		bne	.L7
 220:FATFS/Target/sd_diskio.c ****       }
 141              		.loc 1 220 9 is_stmt 1 view .LVU34
 220:FATFS/Target/sd_diskio.c ****       }
 142              		.loc 1 220 14 is_stmt 0 view .LVU35
 143 0036 0A4A     		ldr	r2, .L14
 144 0038 1378     		ldrb	r3, [r2]	@ zero_extendqisi2
 145 003a 43F00103 		orr	r3, r3, #1
 146 003e 1370     		strb	r3, [r2]
 147 0040 E7E7     		b	.L7
 148              	.L12:
 194:FATFS/Target/sd_diskio.c ****     }
 149              		.loc 1 194 7 is_stmt 1 view .LVU36
 194:FATFS/Target/sd_diskio.c ****     }
 150              		.loc 1 194 14 is_stmt 0 view .LVU37
 151 0042 2046     		mov	r0, r4
 152 0044 FFF7FEFF 		bl	SD_CheckStatus
 153              	.LVL5:
 194:FATFS/Target/sd_diskio.c ****     }
 154              		.loc 1 194 12 view .LVU38
 155 0048 054B     		ldr	r3, .L14
 156 004a 1870     		strb	r0, [r3]
 157 004c E7E7     		b	.L8
 158              	.L13:
 214:FATFS/Target/sd_diskio.c **** #endif
ARM GAS  /tmp/ccrSzM8a.s 			page 8


 159              		.loc 1 214 7 is_stmt 1 view .LVU39
 214:FATFS/Target/sd_diskio.c **** #endif
 160              		.loc 1 214 19 is_stmt 0 view .LVU40
 161 004e 0022     		movs	r2, #0
 162 0050 0221     		movs	r1, #2
 163 0052 0A20     		movs	r0, #10
 164 0054 FFF7FEFF 		bl	osMessageQueueNew
 165              	.LVL6:
 214:FATFS/Target/sd_diskio.c **** #endif
 166              		.loc 1 214 17 view .LVU41
 167 0058 024B     		ldr	r3, .L14+4
 168 005a 1860     		str	r0, [r3]
 169 005c E7E7     		b	.L9
 170              	.L15:
 171 005e 00BF     		.align	2
 172              	.L14:
 173 0060 00000000 		.word	.LANCHOR0
 174 0064 00000000 		.word	.LANCHOR1
 175              		.cfi_endproc
 176              	.LFE141:
 178              		.section	.text.SD_status,"ax",%progbits
 179              		.align	1
 180              		.global	SD_status
 181              		.syntax unified
 182              		.thumb
 183              		.thumb_func
 184              		.fpu fpv4-sp-d16
 186              	SD_status:
 187              	.LVL7:
 188              	.LFB142:
 227:FATFS/Target/sd_diskio.c **** 
 228:FATFS/Target/sd_diskio.c **** /**
 229:FATFS/Target/sd_diskio.c ****   * @brief  Gets Disk Status
 230:FATFS/Target/sd_diskio.c ****   * @param  lun : not used
 231:FATFS/Target/sd_diskio.c ****   * @retval DSTATUS: Operation status
 232:FATFS/Target/sd_diskio.c ****   */
 233:FATFS/Target/sd_diskio.c **** DSTATUS SD_status(BYTE lun)
 234:FATFS/Target/sd_diskio.c **** {
 189              		.loc 1 234 1 is_stmt 1 view -0
 190              		.cfi_startproc
 191              		@ args = 0, pretend = 0, frame = 0
 192              		@ frame_needed = 0, uses_anonymous_args = 0
 193              		.loc 1 234 1 is_stmt 0 view .LVU43
 194 0000 08B5     		push	{r3, lr}
 195              	.LCFI2:
 196              		.cfi_def_cfa_offset 8
 197              		.cfi_offset 3, -8
 198              		.cfi_offset 14, -4
 235:FATFS/Target/sd_diskio.c ****   return SD_CheckStatus(lun);
 199              		.loc 1 235 3 is_stmt 1 view .LVU44
 200              		.loc 1 235 10 is_stmt 0 view .LVU45
 201 0002 FFF7FEFF 		bl	SD_CheckStatus
 202              	.LVL8:
 236:FATFS/Target/sd_diskio.c **** }
 203              		.loc 1 236 1 view .LVU46
 204 0006 08BD     		pop	{r3, pc}
 205              		.cfi_endproc
ARM GAS  /tmp/ccrSzM8a.s 			page 9


 206              	.LFE142:
 208              		.section	.text.SD_CheckStatusWithTimeout,"ax",%progbits
 209              		.align	1
 210              		.syntax unified
 211              		.thumb
 212              		.thumb_func
 213              		.fpu fpv4-sp-d16
 215              	SD_CheckStatusWithTimeout:
 216              	.LVL9:
 217              	.LFB139:
 139:FATFS/Target/sd_diskio.c ****   uint32_t timer;
 218              		.loc 1 139 1 is_stmt 1 view -0
 219              		.cfi_startproc
 220              		@ args = 0, pretend = 0, frame = 0
 221              		@ frame_needed = 0, uses_anonymous_args = 0
 139:FATFS/Target/sd_diskio.c ****   uint32_t timer;
 222              		.loc 1 139 1 is_stmt 0 view .LVU48
 223 0000 38B5     		push	{r3, r4, r5, lr}
 224              	.LCFI3:
 225              		.cfi_def_cfa_offset 16
 226              		.cfi_offset 3, -16
 227              		.cfi_offset 4, -12
 228              		.cfi_offset 5, -8
 229              		.cfi_offset 14, -4
 230 0002 0546     		mov	r5, r0
 140:FATFS/Target/sd_diskio.c ****   /* block until SDIO peripheral is ready again or a timeout occur */
 231              		.loc 1 140 3 is_stmt 1 view .LVU49
 146:FATFS/Target/sd_diskio.c ****   while( osKernelGetTickCount() - timer < timeout)
 232              		.loc 1 146 3 view .LVU50
 146:FATFS/Target/sd_diskio.c ****   while( osKernelGetTickCount() - timer < timeout)
 233              		.loc 1 146 11 is_stmt 0 view .LVU51
 234 0004 FFF7FEFF 		bl	osKernelGetTickCount
 235              	.LVL10:
 146:FATFS/Target/sd_diskio.c ****   while( osKernelGetTickCount() - timer < timeout)
 236              		.loc 1 146 11 view .LVU52
 237 0008 0446     		mov	r4, r0
 238              	.LVL11:
 147:FATFS/Target/sd_diskio.c **** #endif
 239              		.loc 1 147 3 is_stmt 1 view .LVU53
 240              	.L19:
 147:FATFS/Target/sd_diskio.c **** #endif
 241              		.loc 1 147 8 view .LVU54
 147:FATFS/Target/sd_diskio.c **** #endif
 242              		.loc 1 147 10 is_stmt 0 view .LVU55
 243 000a FFF7FEFF 		bl	osKernelGetTickCount
 244              	.LVL12:
 147:FATFS/Target/sd_diskio.c **** #endif
 245              		.loc 1 147 33 view .LVU56
 246 000e 001B     		subs	r0, r0, r4
 147:FATFS/Target/sd_diskio.c **** #endif
 247              		.loc 1 147 8 view .LVU57
 248 0010 A842     		cmp	r0, r5
 249 0012 05D2     		bcs	.L24
 150:FATFS/Target/sd_diskio.c ****     {
 250              		.loc 1 150 5 is_stmt 1 view .LVU58
 150:FATFS/Target/sd_diskio.c ****     {
 251              		.loc 1 150 9 is_stmt 0 view .LVU59
ARM GAS  /tmp/ccrSzM8a.s 			page 10


 252 0014 FFF7FEFF 		bl	BSP_SD_GetCardState
 253              	.LVL13:
 150:FATFS/Target/sd_diskio.c ****     {
 254              		.loc 1 150 8 view .LVU60
 255 0018 0028     		cmp	r0, #0
 256 001a F6D1     		bne	.L19
 152:FATFS/Target/sd_diskio.c ****     }
 257              		.loc 1 152 14 view .LVU61
 258 001c 0020     		movs	r0, #0
 259 001e 01E0     		b	.L18
 260              	.L24:
 156:FATFS/Target/sd_diskio.c **** }
 261              		.loc 1 156 10 view .LVU62
 262 0020 4FF0FF30 		mov	r0, #-1
 263              	.L18:
 157:FATFS/Target/sd_diskio.c **** 
 264              		.loc 1 157 1 view .LVU63
 265 0024 38BD     		pop	{r3, r4, r5, pc}
 157:FATFS/Target/sd_diskio.c **** 
 266              		.loc 1 157 1 view .LVU64
 267              		.cfi_endproc
 268              	.LFE139:
 270              		.section	.text.SD_read,"ax",%progbits
 271              		.align	1
 272              		.global	SD_read
 273              		.syntax unified
 274              		.thumb
 275              		.thumb_func
 276              		.fpu fpv4-sp-d16
 278              	SD_read:
 279              	.LVL14:
 280              	.LFB143:
 237:FATFS/Target/sd_diskio.c **** 
 238:FATFS/Target/sd_diskio.c **** /* USER CODE BEGIN beforeReadSection */
 239:FATFS/Target/sd_diskio.c **** /* can be used to modify previous code / undefine following code / add new code */
 240:FATFS/Target/sd_diskio.c **** /* USER CODE END beforeReadSection */
 241:FATFS/Target/sd_diskio.c **** /**
 242:FATFS/Target/sd_diskio.c ****   * @brief  Reads Sector(s)
 243:FATFS/Target/sd_diskio.c ****   * @param  lun : not used
 244:FATFS/Target/sd_diskio.c ****   * @param  *buff: Data buffer to store read data
 245:FATFS/Target/sd_diskio.c ****   * @param  sector: Sector address (LBA)
 246:FATFS/Target/sd_diskio.c ****   * @param  count: Number of sectors to read (1..128)
 247:FATFS/Target/sd_diskio.c ****   * @retval DRESULT: Operation result
 248:FATFS/Target/sd_diskio.c ****   */
 249:FATFS/Target/sd_diskio.c **** 
 250:FATFS/Target/sd_diskio.c **** DRESULT SD_read(BYTE lun, BYTE *buff, DWORD sector, UINT count)
 251:FATFS/Target/sd_diskio.c **** {
 281              		.loc 1 251 1 is_stmt 1 view -0
 282              		.cfi_startproc
 283              		@ args = 0, pretend = 0, frame = 8
 284              		@ frame_needed = 0, uses_anonymous_args = 0
 285              		.loc 1 251 1 is_stmt 0 view .LVU66
 286 0000 70B5     		push	{r4, r5, r6, lr}
 287              	.LCFI4:
 288              		.cfi_def_cfa_offset 16
 289              		.cfi_offset 4, -16
 290              		.cfi_offset 5, -12
ARM GAS  /tmp/ccrSzM8a.s 			page 11


 291              		.cfi_offset 6, -8
 292              		.cfi_offset 14, -4
 293 0002 82B0     		sub	sp, sp, #8
 294              	.LCFI5:
 295              		.cfi_def_cfa_offset 24
 296 0004 0C46     		mov	r4, r1
 297 0006 1546     		mov	r5, r2
 298 0008 1E46     		mov	r6, r3
 252:FATFS/Target/sd_diskio.c ****   uint8_t ret;
 299              		.loc 1 252 3 is_stmt 1 view .LVU67
 253:FATFS/Target/sd_diskio.c ****   DRESULT res = RES_ERROR;
 300              		.loc 1 253 3 view .LVU68
 301              	.LVL15:
 254:FATFS/Target/sd_diskio.c ****   uint32_t timer;
 302              		.loc 1 254 3 view .LVU69
 255:FATFS/Target/sd_diskio.c **** #if (osCMSIS < 0x20000U)
 256:FATFS/Target/sd_diskio.c ****   osEvent event;
 257:FATFS/Target/sd_diskio.c **** #else
 258:FATFS/Target/sd_diskio.c ****   uint16_t event;
 303              		.loc 1 258 3 view .LVU70
 259:FATFS/Target/sd_diskio.c ****   osStatus_t status;
 304              		.loc 1 259 3 view .LVU71
 260:FATFS/Target/sd_diskio.c **** #endif
 261:FATFS/Target/sd_diskio.c **** #if (ENABLE_SD_DMA_CACHE_MAINTENANCE == 1)
 262:FATFS/Target/sd_diskio.c ****   uint32_t alignedAddr;
 263:FATFS/Target/sd_diskio.c **** #endif
 264:FATFS/Target/sd_diskio.c ****   /*
 265:FATFS/Target/sd_diskio.c ****   * ensure the SDCard is ready for a new operation
 266:FATFS/Target/sd_diskio.c ****   */
 267:FATFS/Target/sd_diskio.c **** 
 268:FATFS/Target/sd_diskio.c ****   if (SD_CheckStatusWithTimeout(SD_TIMEOUT) < 0)
 305              		.loc 1 268 3 view .LVU72
 306              		.loc 1 268 7 is_stmt 0 view .LVU73
 307 000a 47F23050 		movw	r0, #30000
 308              	.LVL16:
 309              		.loc 1 268 7 view .LVU74
 310 000e FFF7FEFF 		bl	SD_CheckStatusWithTimeout
 311              	.LVL17:
 312              		.loc 1 268 6 view .LVU75
 313 0012 0028     		cmp	r0, #0
 314 0014 28DB     		blt	.L29
 269:FATFS/Target/sd_diskio.c ****   {
 270:FATFS/Target/sd_diskio.c ****     return res;
 271:FATFS/Target/sd_diskio.c ****   }
 272:FATFS/Target/sd_diskio.c **** 
 273:FATFS/Target/sd_diskio.c **** #if defined(ENABLE_SCRATCH_BUFFER)
 274:FATFS/Target/sd_diskio.c ****   if (!((uint32_t)buff & 0x3))
 275:FATFS/Target/sd_diskio.c ****   {
 276:FATFS/Target/sd_diskio.c **** #endif
 277:FATFS/Target/sd_diskio.c ****     /* Fast path cause destination buffer is correctly aligned */
 278:FATFS/Target/sd_diskio.c ****     ret = BSP_SD_ReadBlocks_DMA((uint32_t*)buff, (uint32_t)(sector), count);
 315              		.loc 1 278 5 is_stmt 1 view .LVU76
 316              		.loc 1 278 11 is_stmt 0 view .LVU77
 317 0016 3246     		mov	r2, r6
 318 0018 2946     		mov	r1, r5
 319 001a 2046     		mov	r0, r4
 320 001c FFF7FEFF 		bl	BSP_SD_ReadBlocks_DMA
ARM GAS  /tmp/ccrSzM8a.s 			page 12


 321              	.LVL18:
 279:FATFS/Target/sd_diskio.c **** 
 280:FATFS/Target/sd_diskio.c ****     if (ret == MSD_OK) {
 322              		.loc 1 280 5 is_stmt 1 view .LVU78
 323              		.loc 1 280 8 is_stmt 0 view .LVU79
 324 0020 08B1     		cbz	r0, .L34
 253:FATFS/Target/sd_diskio.c ****   uint32_t timer;
 325              		.loc 1 253 11 view .LVU80
 326 0022 0120     		movs	r0, #1
 327              	.LVL19:
 253:FATFS/Target/sd_diskio.c ****   uint32_t timer;
 328              		.loc 1 253 11 view .LVU81
 329 0024 21E0     		b	.L26
 330              	.LVL20:
 331              	.L34:
 281:FATFS/Target/sd_diskio.c **** #if (osCMSIS < 0x20000U)
 282:FATFS/Target/sd_diskio.c ****     /* wait for a message from the queue or a timeout */
 283:FATFS/Target/sd_diskio.c ****     event = osMessageGet(SDQueueID, SD_TIMEOUT);
 284:FATFS/Target/sd_diskio.c **** 
 285:FATFS/Target/sd_diskio.c ****     if (event.status == osEventMessage)
 286:FATFS/Target/sd_diskio.c ****     {
 287:FATFS/Target/sd_diskio.c ****       if (event.value.v == READ_CPLT_MSG)
 288:FATFS/Target/sd_diskio.c ****       {
 289:FATFS/Target/sd_diskio.c ****         timer = osKernelSysTick();
 290:FATFS/Target/sd_diskio.c ****         /* block until SDIO IP is ready or a timeout occur */
 291:FATFS/Target/sd_diskio.c ****         while(osKernelSysTick() - timer <SD_TIMEOUT)
 292:FATFS/Target/sd_diskio.c **** #else
 293:FATFS/Target/sd_diskio.c ****           status = osMessageQueueGet(SDQueueID, (void *)&event, NULL, SD_TIMEOUT);
 332              		.loc 1 293 11 is_stmt 1 view .LVU82
 333              		.loc 1 293 20 is_stmt 0 view .LVU83
 334 0026 47F23053 		movw	r3, #30000
 335 002a 0022     		movs	r2, #0
 336 002c 0DF10601 		add	r1, sp, #6
 337 0030 1048     		ldr	r0, .L37
 338              	.LVL21:
 339              		.loc 1 293 20 view .LVU84
 340 0032 0068     		ldr	r0, [r0]
 341 0034 FFF7FEFF 		bl	osMessageQueueGet
 342              	.LVL22:
 294:FATFS/Target/sd_diskio.c ****           if ((status == osOK) && (event == READ_CPLT_MSG))
 343              		.loc 1 294 11 is_stmt 1 view .LVU85
 344              		.loc 1 294 14 is_stmt 0 view .LVU86
 345 0038 C8B9     		cbnz	r0, .L31
 346              		.loc 1 294 42 discriminator 1 view .LVU87
 347 003a BDF80630 		ldrh	r3, [sp, #6]
 348              		.loc 1 294 32 discriminator 1 view .LVU88
 349 003e 012B     		cmp	r3, #1
 350 0040 01D0     		beq	.L35
 253:FATFS/Target/sd_diskio.c ****   uint32_t timer;
 351              		.loc 1 253 11 view .LVU89
 352 0042 0120     		movs	r0, #1
 353              	.LVL23:
 253:FATFS/Target/sd_diskio.c ****   uint32_t timer;
 354              		.loc 1 253 11 view .LVU90
 355 0044 11E0     		b	.L26
 356              	.LVL24:
 357              	.L35:
ARM GAS  /tmp/ccrSzM8a.s 			page 13


 295:FATFS/Target/sd_diskio.c ****           {
 296:FATFS/Target/sd_diskio.c ****             timer = osKernelGetTickCount();
 358              		.loc 1 296 13 is_stmt 1 view .LVU91
 359              		.loc 1 296 21 is_stmt 0 view .LVU92
 360 0046 FFF7FEFF 		bl	osKernelGetTickCount
 361              	.LVL25:
 362              		.loc 1 296 21 view .LVU93
 363 004a 0446     		mov	r4, r0
 364              	.LVL26:
 297:FATFS/Target/sd_diskio.c ****             /* block until SDIO IP is ready or a timeout occur */
 298:FATFS/Target/sd_diskio.c ****             while(osKernelGetTickCount() - timer <SD_TIMEOUT)
 365              		.loc 1 298 13 is_stmt 1 view .LVU94
 366              	.L27:
 367              		.loc 1 298 18 view .LVU95
 368              		.loc 1 298 19 is_stmt 0 view .LVU96
 369 004c FFF7FEFF 		bl	osKernelGetTickCount
 370              	.LVL27:
 371              		.loc 1 298 42 view .LVU97
 372 0050 001B     		subs	r0, r0, r4
 373              		.loc 1 298 18 view .LVU98
 374 0052 47F22F53 		movw	r3, #29999
 375 0056 9842     		cmp	r0, r3
 376 0058 04D8     		bhi	.L36
 299:FATFS/Target/sd_diskio.c **** #endif
 300:FATFS/Target/sd_diskio.c ****             {
 301:FATFS/Target/sd_diskio.c ****               if (BSP_SD_GetCardState() == SD_TRANSFER_OK)
 377              		.loc 1 301 15 is_stmt 1 view .LVU99
 378              		.loc 1 301 19 is_stmt 0 view .LVU100
 379 005a FFF7FEFF 		bl	BSP_SD_GetCardState
 380              	.LVL28:
 381              		.loc 1 301 18 view .LVU101
 382 005e 0028     		cmp	r0, #0
 383 0060 F4D1     		bne	.L27
 384 0062 02E0     		b	.L26
 385              	.L36:
 253:FATFS/Target/sd_diskio.c ****   uint32_t timer;
 386              		.loc 1 253 11 view .LVU102
 387 0064 0120     		movs	r0, #1
 388 0066 00E0     		b	.L26
 389              	.LVL29:
 390              	.L29:
 270:FATFS/Target/sd_diskio.c ****   }
 391              		.loc 1 270 12 view .LVU103
 392 0068 0120     		movs	r0, #1
 393              	.LVL30:
 394              	.L26:
 302:FATFS/Target/sd_diskio.c ****               {
 303:FATFS/Target/sd_diskio.c ****                 res = RES_OK;
 304:FATFS/Target/sd_diskio.c **** #if (ENABLE_SD_DMA_CACHE_MAINTENANCE == 1)
 305:FATFS/Target/sd_diskio.c ****                 /*
 306:FATFS/Target/sd_diskio.c ****                 the SCB_InvalidateDCache_by_Addr() requires a 32-Byte aligned address,
 307:FATFS/Target/sd_diskio.c ****                 adjust the address and the D-Cache size to invalidate accordingly.
 308:FATFS/Target/sd_diskio.c ****                 */
 309:FATFS/Target/sd_diskio.c ****                 alignedAddr = (uint32_t)buff & ~0x1F;
 310:FATFS/Target/sd_diskio.c ****                 SCB_InvalidateDCache_by_Addr((uint32_t*)alignedAddr, count*BLOCKSIZE + ((uint32_t)b
 311:FATFS/Target/sd_diskio.c **** #endif
 312:FATFS/Target/sd_diskio.c ****                 break;
ARM GAS  /tmp/ccrSzM8a.s 			page 14


 313:FATFS/Target/sd_diskio.c ****               }
 314:FATFS/Target/sd_diskio.c ****             }
 315:FATFS/Target/sd_diskio.c **** #if (osCMSIS < 0x20000U)
 316:FATFS/Target/sd_diskio.c ****           }
 317:FATFS/Target/sd_diskio.c ****         }
 318:FATFS/Target/sd_diskio.c **** #else
 319:FATFS/Target/sd_diskio.c ****       }
 320:FATFS/Target/sd_diskio.c **** #endif
 321:FATFS/Target/sd_diskio.c ****     }
 322:FATFS/Target/sd_diskio.c **** 
 323:FATFS/Target/sd_diskio.c **** #if defined(ENABLE_SCRATCH_BUFFER)
 324:FATFS/Target/sd_diskio.c ****     }
 325:FATFS/Target/sd_diskio.c ****     else
 326:FATFS/Target/sd_diskio.c ****     {
 327:FATFS/Target/sd_diskio.c ****       /* Slow path, fetch each sector a part and memcpy to destination buffer */
 328:FATFS/Target/sd_diskio.c ****       int i;
 329:FATFS/Target/sd_diskio.c **** 
 330:FATFS/Target/sd_diskio.c ****       for (i = 0; i < count; i++)
 331:FATFS/Target/sd_diskio.c ****       {
 332:FATFS/Target/sd_diskio.c ****         ret = BSP_SD_ReadBlocks_DMA((uint32_t*)scratch, (uint32_t)sector++, 1);
 333:FATFS/Target/sd_diskio.c ****         if (ret == MSD_OK )
 334:FATFS/Target/sd_diskio.c ****         {
 335:FATFS/Target/sd_diskio.c ****           /* wait until the read is successful or a timeout occurs */
 336:FATFS/Target/sd_diskio.c **** #if (osCMSIS < 0x20000U)
 337:FATFS/Target/sd_diskio.c ****           /* wait for a message from the queue or a timeout */
 338:FATFS/Target/sd_diskio.c ****           event = osMessageGet(SDQueueID, SD_TIMEOUT);
 339:FATFS/Target/sd_diskio.c **** 
 340:FATFS/Target/sd_diskio.c ****           if (event.status == osEventMessage)
 341:FATFS/Target/sd_diskio.c ****           {
 342:FATFS/Target/sd_diskio.c ****             if (event.value.v == READ_CPLT_MSG)
 343:FATFS/Target/sd_diskio.c ****             {
 344:FATFS/Target/sd_diskio.c ****               timer = osKernelSysTick();
 345:FATFS/Target/sd_diskio.c ****               /* block until SDIO IP is ready or a timeout occur */
 346:FATFS/Target/sd_diskio.c ****               while(osKernelSysTick() - timer <SD_TIMEOUT)
 347:FATFS/Target/sd_diskio.c **** #else
 348:FATFS/Target/sd_diskio.c ****                 status = osMessageQueueGet(SDQueueID, (void *)&event, NULL, SD_TIMEOUT);
 349:FATFS/Target/sd_diskio.c ****               if ((status == osOK) && (event == READ_CPLT_MSG))
 350:FATFS/Target/sd_diskio.c ****               {
 351:FATFS/Target/sd_diskio.c ****                 timer = osKernelGetTickCount();
 352:FATFS/Target/sd_diskio.c ****                 /* block until SDIO IP is ready or a timeout occur */
 353:FATFS/Target/sd_diskio.c ****                 ret = MSD_ERROR;
 354:FATFS/Target/sd_diskio.c ****                 while(osKernelGetTickCount() - timer < SD_TIMEOUT)
 355:FATFS/Target/sd_diskio.c **** #endif
 356:FATFS/Target/sd_diskio.c ****                 {
 357:FATFS/Target/sd_diskio.c ****                   ret = BSP_SD_GetCardState();
 358:FATFS/Target/sd_diskio.c **** 
 359:FATFS/Target/sd_diskio.c ****                   if (ret == MSD_OK)
 360:FATFS/Target/sd_diskio.c ****                   {
 361:FATFS/Target/sd_diskio.c ****                     break;
 362:FATFS/Target/sd_diskio.c ****                   }
 363:FATFS/Target/sd_diskio.c ****                 }
 364:FATFS/Target/sd_diskio.c **** 
 365:FATFS/Target/sd_diskio.c ****                 if (ret != MSD_OK)
 366:FATFS/Target/sd_diskio.c ****                 {
 367:FATFS/Target/sd_diskio.c ****                   break;
 368:FATFS/Target/sd_diskio.c ****                 }
 369:FATFS/Target/sd_diskio.c **** #if (osCMSIS < 0x20000U)
ARM GAS  /tmp/ccrSzM8a.s 			page 15


 370:FATFS/Target/sd_diskio.c ****               }
 371:FATFS/Target/sd_diskio.c ****             }
 372:FATFS/Target/sd_diskio.c **** #else
 373:FATFS/Target/sd_diskio.c ****           }
 374:FATFS/Target/sd_diskio.c **** #endif
 375:FATFS/Target/sd_diskio.c **** #if (ENABLE_SD_DMA_CACHE_MAINTENANCE == 1)
 376:FATFS/Target/sd_diskio.c ****           /*
 377:FATFS/Target/sd_diskio.c ****           *
 378:FATFS/Target/sd_diskio.c ****           * invalidate the scratch buffer before the next read to get the actual data instead of th
 379:FATFS/Target/sd_diskio.c ****           */
 380:FATFS/Target/sd_diskio.c ****           SCB_InvalidateDCache_by_Addr((uint32_t*)scratch, BLOCKSIZE);
 381:FATFS/Target/sd_diskio.c **** #endif
 382:FATFS/Target/sd_diskio.c ****           memcpy(buff, scratch, BLOCKSIZE);
 383:FATFS/Target/sd_diskio.c ****           buff += BLOCKSIZE;
 384:FATFS/Target/sd_diskio.c ****         }
 385:FATFS/Target/sd_diskio.c ****         else
 386:FATFS/Target/sd_diskio.c ****         {
 387:FATFS/Target/sd_diskio.c ****           break;
 388:FATFS/Target/sd_diskio.c ****         }
 389:FATFS/Target/sd_diskio.c ****       }
 390:FATFS/Target/sd_diskio.c **** 
 391:FATFS/Target/sd_diskio.c ****       if ((i == count) && (ret == MSD_OK ))
 392:FATFS/Target/sd_diskio.c ****         res = RES_OK;
 393:FATFS/Target/sd_diskio.c ****     }
 394:FATFS/Target/sd_diskio.c **** #endif
 395:FATFS/Target/sd_diskio.c ****   return res;
 396:FATFS/Target/sd_diskio.c **** }
 395              		.loc 1 396 1 view .LVU104
 396 006a 02B0     		add	sp, sp, #8
 397              	.LCFI6:
 398              		.cfi_remember_state
 399              		.cfi_def_cfa_offset 16
 400              		@ sp needed
 401 006c 70BD     		pop	{r4, r5, r6, pc}
 402              	.LVL31:
 403              	.L31:
 404              	.LCFI7:
 405              		.cfi_restore_state
 253:FATFS/Target/sd_diskio.c ****   uint32_t timer;
 406              		.loc 1 253 11 view .LVU105
 407 006e 0120     		movs	r0, #1
 408              	.LVL32:
 253:FATFS/Target/sd_diskio.c ****   uint32_t timer;
 409              		.loc 1 253 11 view .LVU106
 410 0070 FBE7     		b	.L26
 411              	.L38:
 412 0072 00BF     		.align	2
 413              	.L37:
 414 0074 00000000 		.word	.LANCHOR1
 415              		.cfi_endproc
 416              	.LFE143:
 418              		.section	.text.SD_write,"ax",%progbits
 419              		.align	1
 420              		.global	SD_write
 421              		.syntax unified
 422              		.thumb
 423              		.thumb_func
ARM GAS  /tmp/ccrSzM8a.s 			page 16


 424              		.fpu fpv4-sp-d16
 426              	SD_write:
 427              	.LVL33:
 428              	.LFB144:
 397:FATFS/Target/sd_diskio.c **** 
 398:FATFS/Target/sd_diskio.c **** /* USER CODE BEGIN beforeWriteSection */
 399:FATFS/Target/sd_diskio.c **** /* can be used to modify previous code / undefine following code / add new code */
 400:FATFS/Target/sd_diskio.c **** /* USER CODE END beforeWriteSection */
 401:FATFS/Target/sd_diskio.c **** /**
 402:FATFS/Target/sd_diskio.c ****   * @brief  Writes Sector(s)
 403:FATFS/Target/sd_diskio.c ****   * @param  lun : not used
 404:FATFS/Target/sd_diskio.c ****   * @param  *buff: Data to be written
 405:FATFS/Target/sd_diskio.c ****   * @param  sector: Sector address (LBA)
 406:FATFS/Target/sd_diskio.c ****   * @param  count: Number of sectors to write (1..128)
 407:FATFS/Target/sd_diskio.c ****   * @retval DRESULT: Operation result
 408:FATFS/Target/sd_diskio.c ****   */
 409:FATFS/Target/sd_diskio.c **** #if _USE_WRITE == 1
 410:FATFS/Target/sd_diskio.c **** 
 411:FATFS/Target/sd_diskio.c **** DRESULT SD_write(BYTE lun, const BYTE *buff, DWORD sector, UINT count)
 412:FATFS/Target/sd_diskio.c **** {
 429              		.loc 1 412 1 is_stmt 1 view -0
 430              		.cfi_startproc
 431              		@ args = 0, pretend = 0, frame = 8
 432              		@ frame_needed = 0, uses_anonymous_args = 0
 433              		.loc 1 412 1 is_stmt 0 view .LVU108
 434 0000 70B5     		push	{r4, r5, r6, lr}
 435              	.LCFI8:
 436              		.cfi_def_cfa_offset 16
 437              		.cfi_offset 4, -16
 438              		.cfi_offset 5, -12
 439              		.cfi_offset 6, -8
 440              		.cfi_offset 14, -4
 441 0002 82B0     		sub	sp, sp, #8
 442              	.LCFI9:
 443              		.cfi_def_cfa_offset 24
 444 0004 0C46     		mov	r4, r1
 445 0006 1546     		mov	r5, r2
 446 0008 1E46     		mov	r6, r3
 413:FATFS/Target/sd_diskio.c ****   DRESULT res = RES_ERROR;
 447              		.loc 1 413 3 is_stmt 1 view .LVU109
 448              	.LVL34:
 414:FATFS/Target/sd_diskio.c ****   uint32_t timer;
 449              		.loc 1 414 3 view .LVU110
 415:FATFS/Target/sd_diskio.c **** 
 416:FATFS/Target/sd_diskio.c **** #if (osCMSIS < 0x20000U)
 417:FATFS/Target/sd_diskio.c ****   osEvent event;
 418:FATFS/Target/sd_diskio.c **** #else
 419:FATFS/Target/sd_diskio.c ****   uint16_t event;
 450              		.loc 1 419 3 view .LVU111
 420:FATFS/Target/sd_diskio.c ****   osStatus_t status;
 451              		.loc 1 420 3 view .LVU112
 421:FATFS/Target/sd_diskio.c **** #endif
 422:FATFS/Target/sd_diskio.c **** 
 423:FATFS/Target/sd_diskio.c **** #if defined(ENABLE_SCRATCH_BUFFER)
 424:FATFS/Target/sd_diskio.c ****   int32_t ret;
 425:FATFS/Target/sd_diskio.c **** #endif
 426:FATFS/Target/sd_diskio.c **** 
ARM GAS  /tmp/ccrSzM8a.s 			page 17


 427:FATFS/Target/sd_diskio.c ****   /*
 428:FATFS/Target/sd_diskio.c ****   * ensure the SDCard is ready for a new operation
 429:FATFS/Target/sd_diskio.c ****   */
 430:FATFS/Target/sd_diskio.c **** 
 431:FATFS/Target/sd_diskio.c ****   if (SD_CheckStatusWithTimeout(SD_TIMEOUT) < 0)
 452              		.loc 1 431 3 view .LVU113
 453              		.loc 1 431 7 is_stmt 0 view .LVU114
 454 000a 47F23050 		movw	r0, #30000
 455              	.LVL35:
 456              		.loc 1 431 7 view .LVU115
 457 000e FFF7FEFF 		bl	SD_CheckStatusWithTimeout
 458              	.LVL36:
 459              		.loc 1 431 6 view .LVU116
 460 0012 0028     		cmp	r0, #0
 461 0014 28DB     		blt	.L43
 432:FATFS/Target/sd_diskio.c ****   {
 433:FATFS/Target/sd_diskio.c ****     return res;
 434:FATFS/Target/sd_diskio.c ****   }
 435:FATFS/Target/sd_diskio.c **** 
 436:FATFS/Target/sd_diskio.c **** #if defined(ENABLE_SCRATCH_BUFFER)
 437:FATFS/Target/sd_diskio.c ****   if (!((uint32_t)buff & 0x3))
 438:FATFS/Target/sd_diskio.c ****   {
 439:FATFS/Target/sd_diskio.c **** #endif
 440:FATFS/Target/sd_diskio.c **** #if (ENABLE_SD_DMA_CACHE_MAINTENANCE == 1)
 441:FATFS/Target/sd_diskio.c ****   uint32_t alignedAddr;
 442:FATFS/Target/sd_diskio.c ****   /*
 443:FATFS/Target/sd_diskio.c ****     the SCB_CleanDCache_by_Addr() requires a 32-Byte aligned address
 444:FATFS/Target/sd_diskio.c ****     adjust the address and the D-Cache size to clean accordingly.
 445:FATFS/Target/sd_diskio.c ****   */
 446:FATFS/Target/sd_diskio.c ****   alignedAddr = (uint32_t)buff & ~0x1F;
 447:FATFS/Target/sd_diskio.c ****   SCB_CleanDCache_by_Addr((uint32_t*)alignedAddr, count*BLOCKSIZE + ((uint32_t)buff - alignedAddr))
 448:FATFS/Target/sd_diskio.c **** #endif
 449:FATFS/Target/sd_diskio.c **** 
 450:FATFS/Target/sd_diskio.c ****   if(BSP_SD_WriteBlocks_DMA((uint32_t*)buff,
 462              		.loc 1 450 3 is_stmt 1 view .LVU117
 463              		.loc 1 450 6 is_stmt 0 view .LVU118
 464 0016 3246     		mov	r2, r6
 465 0018 2946     		mov	r1, r5
 466 001a 2046     		mov	r0, r4
 467 001c FFF7FEFF 		bl	BSP_SD_WriteBlocks_DMA
 468              	.LVL37:
 469              		.loc 1 450 5 view .LVU119
 470 0020 08B1     		cbz	r0, .L48
 413:FATFS/Target/sd_diskio.c ****   uint32_t timer;
 471              		.loc 1 413 11 view .LVU120
 472 0022 0120     		movs	r0, #1
 473 0024 21E0     		b	.L40
 474              	.L48:
 451:FATFS/Target/sd_diskio.c ****                            (uint32_t) (sector),
 452:FATFS/Target/sd_diskio.c ****                            count) == MSD_OK)
 453:FATFS/Target/sd_diskio.c ****   {
 454:FATFS/Target/sd_diskio.c **** #if (osCMSIS < 0x20000U)
 455:FATFS/Target/sd_diskio.c ****     /* Get the message from the queue */
 456:FATFS/Target/sd_diskio.c ****     event = osMessageGet(SDQueueID, SD_TIMEOUT);
 457:FATFS/Target/sd_diskio.c **** 
 458:FATFS/Target/sd_diskio.c ****     if (event.status == osEventMessage)
 459:FATFS/Target/sd_diskio.c ****     {
ARM GAS  /tmp/ccrSzM8a.s 			page 18


 460:FATFS/Target/sd_diskio.c ****       if (event.value.v == WRITE_CPLT_MSG)
 461:FATFS/Target/sd_diskio.c ****       {
 462:FATFS/Target/sd_diskio.c **** #else
 463:FATFS/Target/sd_diskio.c ****     status = osMessageQueueGet(SDQueueID, (void *)&event, NULL, SD_TIMEOUT);
 475              		.loc 1 463 5 is_stmt 1 view .LVU121
 476              		.loc 1 463 14 is_stmt 0 view .LVU122
 477 0026 47F23053 		movw	r3, #30000
 478 002a 0022     		movs	r2, #0
 479 002c 0DF10601 		add	r1, sp, #6
 480 0030 1048     		ldr	r0, .L51
 481 0032 0068     		ldr	r0, [r0]
 482 0034 FFF7FEFF 		bl	osMessageQueueGet
 483              	.LVL38:
 464:FATFS/Target/sd_diskio.c ****     if ((status == osOK) && (event == WRITE_CPLT_MSG))
 484              		.loc 1 464 5 is_stmt 1 view .LVU123
 485              		.loc 1 464 8 is_stmt 0 view .LVU124
 486 0038 C8B9     		cbnz	r0, .L45
 487              		.loc 1 464 36 discriminator 1 view .LVU125
 488 003a BDF80630 		ldrh	r3, [sp, #6]
 489              		.loc 1 464 26 discriminator 1 view .LVU126
 490 003e 022B     		cmp	r3, #2
 491 0040 01D0     		beq	.L49
 413:FATFS/Target/sd_diskio.c ****   uint32_t timer;
 492              		.loc 1 413 11 view .LVU127
 493 0042 0120     		movs	r0, #1
 494              	.LVL39:
 413:FATFS/Target/sd_diskio.c ****   uint32_t timer;
 495              		.loc 1 413 11 view .LVU128
 496 0044 11E0     		b	.L40
 497              	.LVL40:
 498              	.L49:
 465:FATFS/Target/sd_diskio.c ****     {
 466:FATFS/Target/sd_diskio.c **** #endif
 467:FATFS/Target/sd_diskio.c ****  #if (osCMSIS < 0x20000U)
 468:FATFS/Target/sd_diskio.c ****         timer = osKernelSysTick();
 469:FATFS/Target/sd_diskio.c ****         /* block until SDIO IP is ready or a timeout occur */
 470:FATFS/Target/sd_diskio.c ****         while(osKernelSysTick() - timer  < SD_TIMEOUT)
 471:FATFS/Target/sd_diskio.c **** #else
 472:FATFS/Target/sd_diskio.c ****         timer = osKernelGetTickCount();
 499              		.loc 1 472 9 is_stmt 1 view .LVU129
 500              		.loc 1 472 17 is_stmt 0 view .LVU130
 501 0046 FFF7FEFF 		bl	osKernelGetTickCount
 502              	.LVL41:
 503              		.loc 1 472 17 view .LVU131
 504 004a 0446     		mov	r4, r0
 505              	.LVL42:
 473:FATFS/Target/sd_diskio.c ****         /* block until SDIO IP is ready or a timeout occur */
 474:FATFS/Target/sd_diskio.c ****         while(osKernelGetTickCount() - timer  < SD_TIMEOUT)
 506              		.loc 1 474 9 is_stmt 1 view .LVU132
 507              	.L41:
 508              		.loc 1 474 14 view .LVU133
 509              		.loc 1 474 15 is_stmt 0 view .LVU134
 510 004c FFF7FEFF 		bl	osKernelGetTickCount
 511              	.LVL43:
 512              		.loc 1 474 38 view .LVU135
 513 0050 001B     		subs	r0, r0, r4
 514              		.loc 1 474 14 view .LVU136
ARM GAS  /tmp/ccrSzM8a.s 			page 19


 515 0052 47F22F53 		movw	r3, #29999
 516 0056 9842     		cmp	r0, r3
 517 0058 04D8     		bhi	.L50
 475:FATFS/Target/sd_diskio.c **** #endif
 476:FATFS/Target/sd_diskio.c ****         {
 477:FATFS/Target/sd_diskio.c ****           if (BSP_SD_GetCardState() == SD_TRANSFER_OK)
 518              		.loc 1 477 11 is_stmt 1 view .LVU137
 519              		.loc 1 477 15 is_stmt 0 view .LVU138
 520 005a FFF7FEFF 		bl	BSP_SD_GetCardState
 521              	.LVL44:
 522              		.loc 1 477 14 view .LVU139
 523 005e 0028     		cmp	r0, #0
 524 0060 F4D1     		bne	.L41
 525 0062 02E0     		b	.L40
 526              	.L50:
 413:FATFS/Target/sd_diskio.c ****   uint32_t timer;
 527              		.loc 1 413 11 view .LVU140
 528 0064 0120     		movs	r0, #1
 529 0066 00E0     		b	.L40
 530              	.LVL45:
 531              	.L43:
 433:FATFS/Target/sd_diskio.c ****   }
 532              		.loc 1 433 12 view .LVU141
 533 0068 0120     		movs	r0, #1
 534              	.LVL46:
 535              	.L40:
 478:FATFS/Target/sd_diskio.c ****           {
 479:FATFS/Target/sd_diskio.c ****             res = RES_OK;
 480:FATFS/Target/sd_diskio.c ****             break;
 481:FATFS/Target/sd_diskio.c ****           }
 482:FATFS/Target/sd_diskio.c ****         }
 483:FATFS/Target/sd_diskio.c **** #if (osCMSIS < 0x20000U)
 484:FATFS/Target/sd_diskio.c ****       }
 485:FATFS/Target/sd_diskio.c ****     }
 486:FATFS/Target/sd_diskio.c **** #else
 487:FATFS/Target/sd_diskio.c ****     }
 488:FATFS/Target/sd_diskio.c **** #endif
 489:FATFS/Target/sd_diskio.c ****   }
 490:FATFS/Target/sd_diskio.c **** #if defined(ENABLE_SCRATCH_BUFFER)
 491:FATFS/Target/sd_diskio.c ****   else {
 492:FATFS/Target/sd_diskio.c ****     /* Slow path, fetch each sector a part and memcpy to destination buffer */
 493:FATFS/Target/sd_diskio.c ****     int i;
 494:FATFS/Target/sd_diskio.c **** 
 495:FATFS/Target/sd_diskio.c **** #if (ENABLE_SD_DMA_CACHE_MAINTENANCE == 1)
 496:FATFS/Target/sd_diskio.c ****     /*
 497:FATFS/Target/sd_diskio.c ****      * invalidate the scratch buffer before the next write to get the actual data instead of the ca
 498:FATFS/Target/sd_diskio.c ****      */
 499:FATFS/Target/sd_diskio.c ****      SCB_InvalidateDCache_by_Addr((uint32_t*)scratch, BLOCKSIZE);
 500:FATFS/Target/sd_diskio.c **** #endif
 501:FATFS/Target/sd_diskio.c ****       for (i = 0; i < count; i++)
 502:FATFS/Target/sd_diskio.c ****       {
 503:FATFS/Target/sd_diskio.c ****         memcpy((void *)scratch, buff, BLOCKSIZE);
 504:FATFS/Target/sd_diskio.c ****         buff += BLOCKSIZE;
 505:FATFS/Target/sd_diskio.c **** 
 506:FATFS/Target/sd_diskio.c ****         ret = BSP_SD_WriteBlocks_DMA((uint32_t*)scratch, (uint32_t)sector++, 1);
 507:FATFS/Target/sd_diskio.c ****         if (ret == MSD_OK )
 508:FATFS/Target/sd_diskio.c ****         {
ARM GAS  /tmp/ccrSzM8a.s 			page 20


 509:FATFS/Target/sd_diskio.c ****           /* wait until the read is successful or a timeout occurs */
 510:FATFS/Target/sd_diskio.c **** #if (osCMSIS < 0x20000U)
 511:FATFS/Target/sd_diskio.c ****           /* wait for a message from the queue or a timeout */
 512:FATFS/Target/sd_diskio.c ****           event = osMessageGet(SDQueueID, SD_TIMEOUT);
 513:FATFS/Target/sd_diskio.c **** 
 514:FATFS/Target/sd_diskio.c ****           if (event.status == osEventMessage)
 515:FATFS/Target/sd_diskio.c ****           {
 516:FATFS/Target/sd_diskio.c ****             if (event.value.v == READ_CPLT_MSG)
 517:FATFS/Target/sd_diskio.c ****             {
 518:FATFS/Target/sd_diskio.c ****               timer = osKernelSysTick();
 519:FATFS/Target/sd_diskio.c ****               /* block until SDIO IP is ready or a timeout occur */
 520:FATFS/Target/sd_diskio.c ****               while(osKernelSysTick() - timer <SD_TIMEOUT)
 521:FATFS/Target/sd_diskio.c **** #else
 522:FATFS/Target/sd_diskio.c ****                 status = osMessageQueueGet(SDQueueID, (void *)&event, NULL, SD_TIMEOUT);
 523:FATFS/Target/sd_diskio.c ****               if ((status == osOK) && (event == READ_CPLT_MSG))
 524:FATFS/Target/sd_diskio.c ****               {
 525:FATFS/Target/sd_diskio.c ****                 timer = osKernelGetTickCount();
 526:FATFS/Target/sd_diskio.c ****                 /* block until SDIO IP is ready or a timeout occur */
 527:FATFS/Target/sd_diskio.c ****                 ret = MSD_ERROR;
 528:FATFS/Target/sd_diskio.c ****                 while(osKernelGetTickCount() - timer < SD_TIMEOUT)
 529:FATFS/Target/sd_diskio.c **** #endif
 530:FATFS/Target/sd_diskio.c ****                 {
 531:FATFS/Target/sd_diskio.c ****                   ret = BSP_SD_GetCardState();
 532:FATFS/Target/sd_diskio.c **** 
 533:FATFS/Target/sd_diskio.c ****                   if (ret == MSD_OK)
 534:FATFS/Target/sd_diskio.c ****                   {
 535:FATFS/Target/sd_diskio.c ****                     break;
 536:FATFS/Target/sd_diskio.c ****                   }
 537:FATFS/Target/sd_diskio.c ****                 }
 538:FATFS/Target/sd_diskio.c **** 
 539:FATFS/Target/sd_diskio.c ****                 if (ret != MSD_OK)
 540:FATFS/Target/sd_diskio.c ****                 {
 541:FATFS/Target/sd_diskio.c ****                   break;
 542:FATFS/Target/sd_diskio.c ****                 }
 543:FATFS/Target/sd_diskio.c **** #if (osCMSIS < 0x20000U)
 544:FATFS/Target/sd_diskio.c ****               }
 545:FATFS/Target/sd_diskio.c ****             }
 546:FATFS/Target/sd_diskio.c **** #else
 547:FATFS/Target/sd_diskio.c ****           }
 548:FATFS/Target/sd_diskio.c **** #endif
 549:FATFS/Target/sd_diskio.c ****         }
 550:FATFS/Target/sd_diskio.c ****         else
 551:FATFS/Target/sd_diskio.c ****         {
 552:FATFS/Target/sd_diskio.c ****           break;
 553:FATFS/Target/sd_diskio.c ****         }
 554:FATFS/Target/sd_diskio.c ****       }
 555:FATFS/Target/sd_diskio.c **** 
 556:FATFS/Target/sd_diskio.c ****       if ((i == count) && (ret == MSD_OK ))
 557:FATFS/Target/sd_diskio.c ****         res = RES_OK;
 558:FATFS/Target/sd_diskio.c ****     }
 559:FATFS/Target/sd_diskio.c **** 
 560:FATFS/Target/sd_diskio.c ****   }
 561:FATFS/Target/sd_diskio.c **** #endif
 562:FATFS/Target/sd_diskio.c **** 
 563:FATFS/Target/sd_diskio.c ****   return res;
 564:FATFS/Target/sd_diskio.c **** }
 536              		.loc 1 564 1 view .LVU142
ARM GAS  /tmp/ccrSzM8a.s 			page 21


 537 006a 02B0     		add	sp, sp, #8
 538              	.LCFI10:
 539              		.cfi_remember_state
 540              		.cfi_def_cfa_offset 16
 541              		@ sp needed
 542 006c 70BD     		pop	{r4, r5, r6, pc}
 543              	.LVL47:
 544              	.L45:
 545              	.LCFI11:
 546              		.cfi_restore_state
 413:FATFS/Target/sd_diskio.c ****   uint32_t timer;
 547              		.loc 1 413 11 view .LVU143
 548 006e 0120     		movs	r0, #1
 549              	.LVL48:
 413:FATFS/Target/sd_diskio.c ****   uint32_t timer;
 550              		.loc 1 413 11 view .LVU144
 551 0070 FBE7     		b	.L40
 552              	.L52:
 553 0072 00BF     		.align	2
 554              	.L51:
 555 0074 00000000 		.word	.LANCHOR1
 556              		.cfi_endproc
 557              	.LFE144:
 559              		.section	.text.SD_ioctl,"ax",%progbits
 560              		.align	1
 561              		.global	SD_ioctl
 562              		.syntax unified
 563              		.thumb
 564              		.thumb_func
 565              		.fpu fpv4-sp-d16
 567              	SD_ioctl:
 568              	.LVL49:
 569              	.LFB145:
 565:FATFS/Target/sd_diskio.c ****  #endif /* _USE_WRITE == 1 */
 566:FATFS/Target/sd_diskio.c **** 
 567:FATFS/Target/sd_diskio.c **** /* USER CODE BEGIN beforeIoctlSection */
 568:FATFS/Target/sd_diskio.c **** /* can be used to modify previous code / undefine following code / add new code */
 569:FATFS/Target/sd_diskio.c **** /* USER CODE END beforeIoctlSection */
 570:FATFS/Target/sd_diskio.c **** /**
 571:FATFS/Target/sd_diskio.c ****   * @brief  I/O control operation
 572:FATFS/Target/sd_diskio.c ****   * @param  lun : not used
 573:FATFS/Target/sd_diskio.c ****   * @param  cmd: Control code
 574:FATFS/Target/sd_diskio.c ****   * @param  *buff: Buffer to send/receive control data
 575:FATFS/Target/sd_diskio.c ****   * @retval DRESULT: Operation result
 576:FATFS/Target/sd_diskio.c ****   */
 577:FATFS/Target/sd_diskio.c **** #if _USE_IOCTL == 1
 578:FATFS/Target/sd_diskio.c **** DRESULT SD_ioctl(BYTE lun, BYTE cmd, void *buff)
 579:FATFS/Target/sd_diskio.c **** {
 570              		.loc 1 579 1 is_stmt 1 view -0
 571              		.cfi_startproc
 572              		@ args = 0, pretend = 0, frame = 32
 573              		@ frame_needed = 0, uses_anonymous_args = 0
 574              		.loc 1 579 1 is_stmt 0 view .LVU146
 575 0000 30B5     		push	{r4, r5, lr}
 576              	.LCFI12:
 577              		.cfi_def_cfa_offset 12
 578              		.cfi_offset 4, -12
ARM GAS  /tmp/ccrSzM8a.s 			page 22


 579              		.cfi_offset 5, -8
 580              		.cfi_offset 14, -4
 581 0002 89B0     		sub	sp, sp, #36
 582              	.LCFI13:
 583              		.cfi_def_cfa_offset 48
 580:FATFS/Target/sd_diskio.c ****   DRESULT res = RES_ERROR;
 584              		.loc 1 580 3 is_stmt 1 view .LVU147
 585              	.LVL50:
 581:FATFS/Target/sd_diskio.c ****   BSP_SD_CardInfo CardInfo;
 586              		.loc 1 581 3 view .LVU148
 582:FATFS/Target/sd_diskio.c **** 
 583:FATFS/Target/sd_diskio.c ****   if (Stat & STA_NOINIT) return RES_NOTRDY;
 587              		.loc 1 583 3 view .LVU149
 588              		.loc 1 583 12 is_stmt 0 view .LVU150
 589 0004 134B     		ldr	r3, .L63
 590 0006 1B78     		ldrb	r3, [r3]	@ zero_extendqisi2
 591              		.loc 1 583 6 view .LVU151
 592 0008 13F00104 		ands	r4, r3, #1
 593 000c 1DD1     		bne	.L60
 594 000e 0846     		mov	r0, r1
 595              	.LVL51:
 596              		.loc 1 583 6 view .LVU152
 597 0010 1546     		mov	r5, r2
 584:FATFS/Target/sd_diskio.c **** 
 585:FATFS/Target/sd_diskio.c ****   switch (cmd)
 598              		.loc 1 585 3 is_stmt 1 view .LVU153
 599 0012 0329     		cmp	r1, #3
 600 0014 1CD8     		bhi	.L61
 601 0016 DFE801F0 		tbb	[pc, r1]
 602              	.L56:
 603 001a 19       		.byte	(.L54-.L56)/2
 604 001b 02       		.byte	(.L58-.L56)/2
 605 001c 09       		.byte	(.L57-.L56)/2
 606 001d 10       		.byte	(.L55-.L56)/2
 607              		.p2align 1
 608              	.L58:
 586:FATFS/Target/sd_diskio.c ****   {
 587:FATFS/Target/sd_diskio.c ****   /* Make sure that no pending write process */
 588:FATFS/Target/sd_diskio.c ****   case CTRL_SYNC :
 589:FATFS/Target/sd_diskio.c ****     res = RES_OK;
 590:FATFS/Target/sd_diskio.c ****     break;
 591:FATFS/Target/sd_diskio.c **** 
 592:FATFS/Target/sd_diskio.c ****   /* Get number of sectors on the disk (DWORD) */
 593:FATFS/Target/sd_diskio.c ****   case GET_SECTOR_COUNT :
 594:FATFS/Target/sd_diskio.c ****     BSP_SD_GetCardInfo(&CardInfo);
 609              		.loc 1 594 5 view .LVU154
 610 001e 6846     		mov	r0, sp
 611 0020 FFF7FEFF 		bl	BSP_SD_GetCardInfo
 612              	.LVL52:
 595:FATFS/Target/sd_diskio.c ****     *(DWORD*)buff = CardInfo.LogBlockNbr;
 613              		.loc 1 595 5 view .LVU155
 614              		.loc 1 595 29 is_stmt 0 view .LVU156
 615 0024 069B     		ldr	r3, [sp, #24]
 616              		.loc 1 595 19 view .LVU157
 617 0026 2B60     		str	r3, [r5]
 596:FATFS/Target/sd_diskio.c ****     res = RES_OK;
 618              		.loc 1 596 5 is_stmt 1 view .LVU158
ARM GAS  /tmp/ccrSzM8a.s 			page 23


 619              	.LVL53:
 597:FATFS/Target/sd_diskio.c ****     break;
 620              		.loc 1 597 5 view .LVU159
 596:FATFS/Target/sd_diskio.c ****     res = RES_OK;
 621              		.loc 1 596 9 is_stmt 0 view .LVU160
 622 0028 2046     		mov	r0, r4
 623              		.loc 1 597 5 view .LVU161
 624 002a 0FE0     		b	.L54
 625              	.LVL54:
 626              	.L57:
 598:FATFS/Target/sd_diskio.c **** 
 599:FATFS/Target/sd_diskio.c ****   /* Get R/W sector size (WORD) */
 600:FATFS/Target/sd_diskio.c ****   case GET_SECTOR_SIZE :
 601:FATFS/Target/sd_diskio.c ****     BSP_SD_GetCardInfo(&CardInfo);
 627              		.loc 1 601 5 is_stmt 1 view .LVU162
 628 002c 6846     		mov	r0, sp
 629 002e FFF7FEFF 		bl	BSP_SD_GetCardInfo
 630              	.LVL55:
 602:FATFS/Target/sd_diskio.c ****     *(WORD*)buff = CardInfo.LogBlockSize;
 631              		.loc 1 602 5 view .LVU163
 632              		.loc 1 602 28 is_stmt 0 view .LVU164
 633 0032 079B     		ldr	r3, [sp, #28]
 634              		.loc 1 602 18 view .LVU165
 635 0034 2B80     		strh	r3, [r5]	@ movhi
 603:FATFS/Target/sd_diskio.c ****     res = RES_OK;
 636              		.loc 1 603 5 is_stmt 1 view .LVU166
 637              	.LVL56:
 604:FATFS/Target/sd_diskio.c ****     break;
 638              		.loc 1 604 5 view .LVU167
 603:FATFS/Target/sd_diskio.c ****     res = RES_OK;
 639              		.loc 1 603 9 is_stmt 0 view .LVU168
 640 0036 2046     		mov	r0, r4
 641              		.loc 1 604 5 view .LVU169
 642 0038 08E0     		b	.L54
 643              	.LVL57:
 644              	.L55:
 605:FATFS/Target/sd_diskio.c **** 
 606:FATFS/Target/sd_diskio.c ****   /* Get erase block size in unit of sector (DWORD) */
 607:FATFS/Target/sd_diskio.c ****   case GET_BLOCK_SIZE :
 608:FATFS/Target/sd_diskio.c ****     BSP_SD_GetCardInfo(&CardInfo);
 645              		.loc 1 608 5 is_stmt 1 view .LVU170
 646 003a 6846     		mov	r0, sp
 647 003c FFF7FEFF 		bl	BSP_SD_GetCardInfo
 648              	.LVL58:
 609:FATFS/Target/sd_diskio.c ****     *(DWORD*)buff = CardInfo.LogBlockSize / SD_DEFAULT_BLOCK_SIZE;
 649              		.loc 1 609 5 view .LVU171
 650              		.loc 1 609 29 is_stmt 0 view .LVU172
 651 0040 079B     		ldr	r3, [sp, #28]
 652              		.loc 1 609 43 view .LVU173
 653 0042 5B0A     		lsrs	r3, r3, #9
 654              		.loc 1 609 19 view .LVU174
 655 0044 2B60     		str	r3, [r5]
 610:FATFS/Target/sd_diskio.c ****     res = RES_OK;
 656              		.loc 1 610 5 is_stmt 1 view .LVU175
 657              	.LVL59:
 611:FATFS/Target/sd_diskio.c ****     break;
 658              		.loc 1 611 5 view .LVU176
ARM GAS  /tmp/ccrSzM8a.s 			page 24


 610:FATFS/Target/sd_diskio.c ****     res = RES_OK;
 659              		.loc 1 610 9 is_stmt 0 view .LVU177
 660 0046 2046     		mov	r0, r4
 661              		.loc 1 611 5 view .LVU178
 662 0048 00E0     		b	.L54
 663              	.LVL60:
 664              	.L60:
 583:FATFS/Target/sd_diskio.c **** 
 665              		.loc 1 583 33 view .LVU179
 666 004a 0320     		movs	r0, #3
 667              	.LVL61:
 668              	.L54:
 612:FATFS/Target/sd_diskio.c **** 
 613:FATFS/Target/sd_diskio.c ****   default:
 614:FATFS/Target/sd_diskio.c ****     res = RES_PARERR;
 615:FATFS/Target/sd_diskio.c ****   }
 616:FATFS/Target/sd_diskio.c **** 
 617:FATFS/Target/sd_diskio.c ****   return res;
 618:FATFS/Target/sd_diskio.c **** }
 669              		.loc 1 618 1 view .LVU180
 670 004c 09B0     		add	sp, sp, #36
 671              	.LCFI14:
 672              		.cfi_def_cfa_offset 12
 673              		@ sp needed
 674 004e 30BD     		pop	{r4, r5, pc}
 675              	.LVL62:
 676              	.L61:
 614:FATFS/Target/sd_diskio.c ****   }
 677              		.loc 1 614 9 view .LVU181
 678 0050 0420     		movs	r0, #4
 679 0052 FBE7     		b	.L54
 680              	.L64:
 681              		.align	2
 682              	.L63:
 683 0054 00000000 		.word	.LANCHOR0
 684              		.cfi_endproc
 685              	.LFE145:
 687              		.section	.text.BSP_SD_WriteCpltCallback,"ax",%progbits
 688              		.align	1
 689              		.global	BSP_SD_WriteCpltCallback
 690              		.syntax unified
 691              		.thumb
 692              		.thumb_func
 693              		.fpu fpv4-sp-d16
 695              	BSP_SD_WriteCpltCallback:
 696              	.LFB146:
 619:FATFS/Target/sd_diskio.c **** #endif /* _USE_IOCTL == 1 */
 620:FATFS/Target/sd_diskio.c **** 
 621:FATFS/Target/sd_diskio.c **** /* USER CODE BEGIN afterIoctlSection */
 622:FATFS/Target/sd_diskio.c **** /* can be used to modify previous code / undefine following code / add new code */
 623:FATFS/Target/sd_diskio.c **** /* USER CODE END afterIoctlSection */
 624:FATFS/Target/sd_diskio.c **** 
 625:FATFS/Target/sd_diskio.c **** /* USER CODE BEGIN callbackSection */
 626:FATFS/Target/sd_diskio.c **** /* can be used to modify / following code or add new code */
 627:FATFS/Target/sd_diskio.c **** /* USER CODE END callbackSection */
 628:FATFS/Target/sd_diskio.c **** /**
 629:FATFS/Target/sd_diskio.c ****   * @brief Tx Transfer completed callbacks
ARM GAS  /tmp/ccrSzM8a.s 			page 25


 630:FATFS/Target/sd_diskio.c ****   * @param hsd: SD handle
 631:FATFS/Target/sd_diskio.c ****   * @retval None
 632:FATFS/Target/sd_diskio.c ****   */
 633:FATFS/Target/sd_diskio.c **** void BSP_SD_WriteCpltCallback(void)
 634:FATFS/Target/sd_diskio.c **** {
 697              		.loc 1 634 1 is_stmt 1 view -0
 698              		.cfi_startproc
 699              		@ args = 0, pretend = 0, frame = 8
 700              		@ frame_needed = 0, uses_anonymous_args = 0
 701 0000 00B5     		push	{lr}
 702              	.LCFI15:
 703              		.cfi_def_cfa_offset 4
 704              		.cfi_offset 14, -4
 705 0002 83B0     		sub	sp, sp, #12
 706              	.LCFI16:
 707              		.cfi_def_cfa_offset 16
 635:FATFS/Target/sd_diskio.c **** 
 636:FATFS/Target/sd_diskio.c ****   /*
 637:FATFS/Target/sd_diskio.c ****    * No need to add an "osKernelRunning()" check here, as the SD_initialize()
 638:FATFS/Target/sd_diskio.c ****    * is always called before any SD_Read()/SD_Write() call
 639:FATFS/Target/sd_diskio.c ****    */
 640:FATFS/Target/sd_diskio.c **** #if (osCMSIS < 0x20000U)
 641:FATFS/Target/sd_diskio.c ****    osMessagePut(SDQueueID, WRITE_CPLT_MSG, 0);
 642:FATFS/Target/sd_diskio.c **** #else
 643:FATFS/Target/sd_diskio.c ****    const uint16_t msg = WRITE_CPLT_MSG;
 708              		.loc 1 643 4 view .LVU183
 709              		.loc 1 643 19 is_stmt 0 view .LVU184
 710 0004 0223     		movs	r3, #2
 711 0006 ADF80630 		strh	r3, [sp, #6]	@ movhi
 644:FATFS/Target/sd_diskio.c ****    osMessageQueuePut(SDQueueID, (const void *)&msg, NULL, 0);
 712              		.loc 1 644 4 is_stmt 1 view .LVU185
 713 000a 0023     		movs	r3, #0
 714 000c 1A46     		mov	r2, r3
 715 000e 0DF10601 		add	r1, sp, #6
 716 0012 0348     		ldr	r0, .L67
 717 0014 0068     		ldr	r0, [r0]
 718 0016 FFF7FEFF 		bl	osMessageQueuePut
 719              	.LVL63:
 645:FATFS/Target/sd_diskio.c **** #endif
 646:FATFS/Target/sd_diskio.c **** }
 720              		.loc 1 646 1 is_stmt 0 view .LVU186
 721 001a 03B0     		add	sp, sp, #12
 722              	.LCFI17:
 723              		.cfi_def_cfa_offset 4
 724              		@ sp needed
 725 001c 5DF804FB 		ldr	pc, [sp], #4
 726              	.L68:
 727              		.align	2
 728              	.L67:
 729 0020 00000000 		.word	.LANCHOR1
 730              		.cfi_endproc
 731              	.LFE146:
 733              		.section	.text.BSP_SD_ReadCpltCallback,"ax",%progbits
 734              		.align	1
 735              		.global	BSP_SD_ReadCpltCallback
 736              		.syntax unified
 737              		.thumb
ARM GAS  /tmp/ccrSzM8a.s 			page 26


 738              		.thumb_func
 739              		.fpu fpv4-sp-d16
 741              	BSP_SD_ReadCpltCallback:
 742              	.LFB147:
 647:FATFS/Target/sd_diskio.c **** 
 648:FATFS/Target/sd_diskio.c **** /**
 649:FATFS/Target/sd_diskio.c ****   * @brief Rx Transfer completed callbacks
 650:FATFS/Target/sd_diskio.c ****   * @param hsd: SD handle
 651:FATFS/Target/sd_diskio.c ****   * @retval None
 652:FATFS/Target/sd_diskio.c ****   */
 653:FATFS/Target/sd_diskio.c **** void BSP_SD_ReadCpltCallback(void)
 654:FATFS/Target/sd_diskio.c **** {
 743              		.loc 1 654 1 is_stmt 1 view -0
 744              		.cfi_startproc
 745              		@ args = 0, pretend = 0, frame = 8
 746              		@ frame_needed = 0, uses_anonymous_args = 0
 747 0000 00B5     		push	{lr}
 748              	.LCFI18:
 749              		.cfi_def_cfa_offset 4
 750              		.cfi_offset 14, -4
 751 0002 83B0     		sub	sp, sp, #12
 752              	.LCFI19:
 753              		.cfi_def_cfa_offset 16
 655:FATFS/Target/sd_diskio.c ****   /*
 656:FATFS/Target/sd_diskio.c ****    * No need to add an "osKernelRunning()" check here, as the SD_initialize()
 657:FATFS/Target/sd_diskio.c ****    * is always called before any SD_Read()/SD_Write() call
 658:FATFS/Target/sd_diskio.c ****    */
 659:FATFS/Target/sd_diskio.c **** #if (osCMSIS < 0x20000U)
 660:FATFS/Target/sd_diskio.c ****    osMessagePut(SDQueueID, READ_CPLT_MSG, 0);
 661:FATFS/Target/sd_diskio.c **** #else
 662:FATFS/Target/sd_diskio.c ****    const uint16_t msg = READ_CPLT_MSG;
 754              		.loc 1 662 4 view .LVU188
 755              		.loc 1 662 19 is_stmt 0 view .LVU189
 756 0004 0123     		movs	r3, #1
 757 0006 ADF80630 		strh	r3, [sp, #6]	@ movhi
 663:FATFS/Target/sd_diskio.c ****    osMessageQueuePut(SDQueueID, (const void *)&msg, NULL, 0);
 758              		.loc 1 663 4 is_stmt 1 view .LVU190
 759 000a 0023     		movs	r3, #0
 760 000c 1A46     		mov	r2, r3
 761 000e 0DF10601 		add	r1, sp, #6
 762 0012 0348     		ldr	r0, .L71
 763 0014 0068     		ldr	r0, [r0]
 764 0016 FFF7FEFF 		bl	osMessageQueuePut
 765              	.LVL64:
 664:FATFS/Target/sd_diskio.c **** #endif
 665:FATFS/Target/sd_diskio.c **** }
 766              		.loc 1 665 1 is_stmt 0 view .LVU191
 767 001a 03B0     		add	sp, sp, #12
 768              	.LCFI20:
 769              		.cfi_def_cfa_offset 4
 770              		@ sp needed
 771 001c 5DF804FB 		ldr	pc, [sp], #4
 772              	.L72:
 773              		.align	2
 774              	.L71:
 775 0020 00000000 		.word	.LANCHOR1
 776              		.cfi_endproc
ARM GAS  /tmp/ccrSzM8a.s 			page 27


 777              	.LFE147:
 779              		.global	SD_Driver
 780              		.section	.bss.SDQueueID,"aw",%nobits
 781              		.align	2
 782              		.set	.LANCHOR1,. + 0
 785              	SDQueueID:
 786 0000 00000000 		.space	4
 787              		.section	.data.Stat,"aw"
 788              		.set	.LANCHOR0,. + 0
 791              	Stat:
 792 0000 01       		.byte	1
 793              		.section	.rodata.SD_Driver,"a"
 794              		.align	2
 797              	SD_Driver:
 798 0000 00000000 		.word	SD_initialize
 799 0004 00000000 		.word	SD_status
 800 0008 00000000 		.word	SD_read
 801 000c 00000000 		.word	SD_write
 802 0010 00000000 		.word	SD_ioctl
 803              		.text
 804              	.Letext0:
 805              		.file 2 "Middlewares/Third_Party/FatFs/src/integer.h"
 806              		.file 3 "Middlewares/Third_Party/FatFs/src/diskio.h"
 807              		.file 4 "/usr/lib/gcc/arm-none-eabi/9.2.1/include/stdint.h"
 808              		.file 5 "Drivers/CMSIS/Include/core_cm4.h"
 809              		.file 6 "Drivers/CMSIS/Device/ST/STM32L4xx/Include/system_stm32l4xx.h"
 810              		.file 7 "Drivers/STM32L4xx_HAL_Driver/Inc/stm32l4xx_hal_def.h"
 811              		.file 8 "Drivers/STM32L4xx_HAL_Driver/Inc/stm32l4xx_hal_flash.h"
 812              		.file 9 "Drivers/STM32L4xx_HAL_Driver/Inc/stm32l4xx_hal_sd.h"
 813              		.file 10 "Drivers/STM32L4xx_HAL_Driver/Inc/stm32l4xx_hal.h"
 814              		.file 11 "Middlewares/Third_Party/FreeRTOS/Source/CMSIS_RTOS_V2/cmsis_os2.h"
 815              		.file 12 "Middlewares/Third_Party/FatFs/src/ff_gen_drv.h"
 816              		.file 13 "FATFS/Target/sd_diskio.h"
 817              		.file 14 "/usr/lib/gcc/arm-none-eabi/9.2.1/include/stddef.h"
 818              		.file 15 "/usr/include/newlib/sys/_types.h"
 819              		.file 16 "/usr/include/newlib/sys/reent.h"
 820              		.file 17 "/usr/include/newlib/sys/lock.h"
 821              		.file 18 "FATFS/Target/bsp_driver_sd.h"
ARM GAS  /tmp/ccrSzM8a.s 			page 28


DEFINED SYMBOLS
                            *ABS*:0000000000000000 sd_diskio.c
     /tmp/ccrSzM8a.s:18     .text.SD_CheckStatus:0000000000000000 $t
     /tmp/ccrSzM8a.s:25     .text.SD_CheckStatus:0000000000000000 SD_CheckStatus
     /tmp/ccrSzM8a.s:66     .text.SD_CheckStatus:0000000000000020 $d
     /tmp/ccrSzM8a.s:71     .text.SD_initialize:0000000000000000 $t
     /tmp/ccrSzM8a.s:78     .text.SD_initialize:0000000000000000 SD_initialize
     /tmp/ccrSzM8a.s:173    .text.SD_initialize:0000000000000060 $d
     /tmp/ccrSzM8a.s:179    .text.SD_status:0000000000000000 $t
     /tmp/ccrSzM8a.s:186    .text.SD_status:0000000000000000 SD_status
     /tmp/ccrSzM8a.s:209    .text.SD_CheckStatusWithTimeout:0000000000000000 $t
     /tmp/ccrSzM8a.s:215    .text.SD_CheckStatusWithTimeout:0000000000000000 SD_CheckStatusWithTimeout
     /tmp/ccrSzM8a.s:271    .text.SD_read:0000000000000000 $t
     /tmp/ccrSzM8a.s:278    .text.SD_read:0000000000000000 SD_read
     /tmp/ccrSzM8a.s:414    .text.SD_read:0000000000000074 $d
     /tmp/ccrSzM8a.s:419    .text.SD_write:0000000000000000 $t
     /tmp/ccrSzM8a.s:426    .text.SD_write:0000000000000000 SD_write
     /tmp/ccrSzM8a.s:555    .text.SD_write:0000000000000074 $d
     /tmp/ccrSzM8a.s:560    .text.SD_ioctl:0000000000000000 $t
     /tmp/ccrSzM8a.s:567    .text.SD_ioctl:0000000000000000 SD_ioctl
     /tmp/ccrSzM8a.s:603    .text.SD_ioctl:000000000000001a $d
     /tmp/ccrSzM8a.s:607    .text.SD_ioctl:000000000000001e $t
     /tmp/ccrSzM8a.s:683    .text.SD_ioctl:0000000000000054 $d
     /tmp/ccrSzM8a.s:688    .text.BSP_SD_WriteCpltCallback:0000000000000000 $t
     /tmp/ccrSzM8a.s:695    .text.BSP_SD_WriteCpltCallback:0000000000000000 BSP_SD_WriteCpltCallback
     /tmp/ccrSzM8a.s:729    .text.BSP_SD_WriteCpltCallback:0000000000000020 $d
     /tmp/ccrSzM8a.s:734    .text.BSP_SD_ReadCpltCallback:0000000000000000 $t
     /tmp/ccrSzM8a.s:741    .text.BSP_SD_ReadCpltCallback:0000000000000000 BSP_SD_ReadCpltCallback
     /tmp/ccrSzM8a.s:775    .text.BSP_SD_ReadCpltCallback:0000000000000020 $d
     /tmp/ccrSzM8a.s:797    .rodata.SD_Driver:0000000000000000 SD_Driver
     /tmp/ccrSzM8a.s:781    .bss.SDQueueID:0000000000000000 $d
     /tmp/ccrSzM8a.s:785    .bss.SDQueueID:0000000000000000 SDQueueID
     /tmp/ccrSzM8a.s:791    .data.Stat:0000000000000000 Stat
     /tmp/ccrSzM8a.s:794    .rodata.SD_Driver:0000000000000000 $d

UNDEFINED SYMBOLS
BSP_SD_GetCardState
osKernelGetState
BSP_SD_Init
osMessageQueueNew
osKernelGetTickCount
BSP_SD_ReadBlocks_DMA
osMessageQueueGet
BSP_SD_WriteBlocks_DMA
BSP_SD_GetCardInfo
osMessageQueuePut
